[2022-03-22T10:38:53.192872+00:00] lbs.log.DEBUG: eloquent started - routes register started [] []
[2022-03-22T10:40:24.468369+00:00] lbs.log.DEBUG: eloquent started - routes register started [] []
[2022-03-22T10:44:44.592481+00:00] lbs.log.DEBUG: eloquent started - routes register started [] []
[2022-03-22T10:46:04.757339+00:00] lbs.log.DEBUG: eloquent started - routes register started [] []
[2022-03-22T13:39:39.682033+00:00] lbs.log.DEBUG: eloquent started - routes register started [] []
[2022-03-22T13:40:18.211731+00:00] lbs.log.DEBUG: eloquent started - routes register started [] []
[2022-03-22T13:40:25.510901+00:00] lbs.log.DEBUG: eloquent started - routes register started [] []
[2022-03-22T13:40:41.734788+00:00] lbs.log.DEBUG: eloquent started - routes register started [] []
[2022-03-22T13:42:06.950359+00:00] lbs.log.DEBUG: eloquent started - routes register started [] []
[2022-03-22T13:43:11.218172+00:00] lbs.log.DEBUG: eloquent started - routes register started [] []
[2022-03-22T13:44:20.935138+00:00] lbs.log.DEBUG: eloquent started - routes register started [] []
[2022-03-22T13:46:16.272778+00:00] lbs.log.DEBUG: eloquent started - routes register started [] []
[2022-03-22T13:46:42.372327+00:00] lbs.log.DEBUG: eloquent started - routes register started [] []
[2022-03-22T13:47:01.964888+00:00] lbs.log.DEBUG: eloquent started - routes register started [] []
[2022-03-22T13:47:47.451619+00:00] lbs.log.DEBUG: eloquent started - routes register started [] []
[2022-03-22T13:48:32.241681+00:00] lbs.log.DEBUG: eloquent started - routes register started [] []
[2022-03-22T13:48:53.569634+00:00] lbs.log.DEBUG: eloquent started - routes register started [] []
[2022-03-22T14:12:55.832328+00:00] lbs.log.DEBUG: eloquent started - routes register started [] []
[2022-03-22T14:13:27.171494+00:00] lbs.log.DEBUG: eloquent started - routes register started [] []
[2022-03-22T14:13:35.411556+00:00] lbs.log.DEBUG: eloquent started - routes register started [] []
[2022-03-22T14:14:11.480590+00:00] lbs.log.DEBUG: eloquent started - routes register started [] []
[2022-03-22T14:24:54.541047+00:00] lbs.log.DEBUG: eloquent started - routes register started [] []
[2022-03-22T14:25:28.481945+00:00] lbs.log.DEBUG: eloquent started - routes register started [] []
[2022-03-22T14:25:51.030244+00:00] lbs.log.DEBUG: eloquent started - routes register started [] []
[2022-03-22T15:08:57.239412+00:00] lbs.log.DEBUG: eloquent started - routes register started [] []
[2022-03-22T15:09:45.651895+00:00] lbs.log.DEBUG: eloquent started - routes register started [] []
[2022-03-22T15:10:05.888349+00:00] lbs.log.DEBUG: eloquent started - routes register started [] []
[2022-03-22T15:11:15.119365+00:00] lbs.log.DEBUG: eloquent started - routes register started [] []
[2022-03-22T15:12:03.927945+00:00] lbs.log.DEBUG: eloquent started - routes register started [] []
[2022-03-22T15:14:44.474759+00:00] lbs.log.DEBUG: eloquent started - routes register started [] []
[2022-03-22T15:14:48.460761+00:00] lbs.log.DEBUG: eloquent started - routes register started [] []
[2022-03-22T15:17:13.437569+00:00] lbs.log.DEBUG: eloquent started - routes register started [] []
[2022-03-22T15:17:52.853824+00:00] lbs.log.DEBUG: eloquent started - routes register started [] []
[2022-03-22T15:18:30.562695+00:00] lbs.log.DEBUG: eloquent started - routes register started [] []
[2022-03-22T15:18:47.649080+00:00] lbs.log.DEBUG: eloquent started - routes register started [] []
[2022-03-22T15:19:06.021703+00:00] lbs.log.DEBUG: eloquent started - routes register started [] []
[2022-03-22T15:20:40.368767+00:00] lbs.log.DEBUG: eloquent started - routes register started [] []
[2022-03-22T15:21:01.568564+00:00] lbs.log.DEBUG: eloquent started - routes register started [] []
[2022-03-22T15:21:34.747507+00:00] lbs.log.DEBUG: eloquent started - routes register started [] []
[2022-03-22T15:21:51.376960+00:00] lbs.log.DEBUG: eloquent started - routes register started [] []
[2022-03-22T15:38:49.569027+00:00] lbs.log.DEBUG: eloquent started - routes register started [] []
[2022-03-22T15:40:21.682378+00:00] lbs.log.DEBUG: eloquent started - routes register started [] []
[2022-03-22T15:41:08.897324+00:00] lbs.log.DEBUG: eloquent started - routes register started [] []
[2022-03-22T15:41:47.419859+00:00] lbs.log.DEBUG: eloquent started - routes register started [] []
[2022-03-22T15:42:47.441020+00:00] lbs.log.DEBUG: eloquent started - routes register started [] []
[2022-03-22T15:43:27.380232+00:00] lbs.log.DEBUG: eloquent started - routes register started [] []
[2022-03-22T15:45:13.381207+00:00] lbs.log.DEBUG: eloquent started - routes register started [] []
[2022-03-22T15:45:57.688886+00:00] lbs.log.DEBUG: eloquent started - routes register started [] []
[2022-03-22T15:46:13.449770+00:00] lbs.log.DEBUG: eloquent started - routes register started [] []
[2022-03-22T15:48:15.471100+00:00] lbs.log.DEBUG: eloquent started - routes register started [] []
[2022-03-22T15:50:36.041653+00:00] lbs.log.DEBUG: eloquent started - routes register started [] []
[2022-03-22T16:07:23.162601+00:00] lbs.log.DEBUG: eloquent started - routes register started [] []
[2022-03-22T16:07:24.299567+00:00] lbs.log.DEBUG: eloquent started - routes register started [] []
[2022-03-22T16:07:38.406103+00:00] lbs.log.DEBUG: eloquent started - routes register started [] []
[2022-03-22T16:07:39.173877+00:00] lbs.log.DEBUG: eloquent started - routes register started [] []
[2022-03-22T16:10:15.205609+00:00] lbs.log.DEBUG: eloquent started - routes register started [] []
[2022-03-22T16:10:53.248366+00:00] lbs.log.DEBUG: eloquent started - routes register started [] []
[2022-03-22T16:16:46.216135+00:00] lbs.log.DEBUG: eloquent started - routes register started [] []
[2022-03-22T16:18:16.310032+00:00] lbs.log.DEBUG: eloquent started - routes register started [] []
[2022-03-22T16:18:57.366136+00:00] lbs.log.DEBUG: eloquent started - routes register started [] []
[2022-03-22T16:20:32.671524+00:00] lbs.log.DEBUG: eloquent started - routes register started [] []
[2022-03-22T16:20:59.389517+00:00] lbs.log.DEBUG: eloquent started - routes register started [] []
[2022-03-22T16:23:50.282456+00:00] lbs.log.DEBUG: eloquent started - routes register started [] []
[2022-03-22T16:52:18.284582+00:00] lbs.log.DEBUG: eloquent started - routes register started [] []
[2022-03-22T16:55:01.724388+00:00] lbs.log.DEBUG: eloquent started - routes register started [] []
[2022-03-22T16:55:13.932594+00:00] lbs.log.DEBUG: eloquent started - routes register started [] []
[2022-03-22T16:56:29.130255+00:00] lbs.log.DEBUG: eloquent started - routes register started [] []
[2022-03-22T16:56:52.039752+00:00] lbs.log.DEBUG: eloquent started - routes register started [] []
[2022-03-22T16:57:22.151243+00:00] lbs.log.DEBUG: eloquent started - routes register started [] []
[2022-03-22T16:57:40.427213+00:00] lbs.log.DEBUG: eloquent started - routes register started [] []
[2022-03-22T16:58:05.014435+00:00] lbs.log.DEBUG: eloquent started - routes register started [] []
[2022-03-22T17:13:24.042258+00:00] lbs.log.DEBUG: eloquent started - routes register started [] []
[2022-03-22T17:13:35.382811+00:00] lbs.log.DEBUG: eloquent started - routes register started [] []
[2022-03-22T17:14:07.477637+00:00] lbs.log.DEBUG: eloquent started - routes register started [] []
[2022-03-22T17:14:15.984173+00:00] lbs.log.DEBUG: eloquent started - routes register started [] []
[2022-03-22T17:14:27.259949+00:00] lbs.log.DEBUG: eloquent started - routes register started [] []
[2022-03-22T17:14:37.597578+00:00] lbs.log.DEBUG: eloquent started - routes register started [] []
[2022-03-22T17:30:54.836543+00:00] lbs.log.DEBUG: eloquent started - routes register started [] []
[2022-03-22T17:33:03.474410+00:00] lbs.log.DEBUG: eloquent started - routes register started [] []
[2022-03-22T17:33:50.220738+00:00] lbs.log.DEBUG: eloquent started - routes register started [] []
[2022-03-22T17:53:45.161257+00:00] lbs.log.DEBUG: eloquent started - routes register started [] []
[2022-03-22T17:58:01.770788+00:00] lbs.log.DEBUG: eloquent started - routes register started [] []
[2022-03-22T17:58:26.532278+00:00] lbs.log.DEBUG: eloquent started - routes register started [] []
[2022-03-22T18:00:10.448887+00:00] lbs.log.DEBUG: eloquent started - routes register started [] []
[2022-03-22T18:01:02.795792+00:00] lbs.log.DEBUG: eloquent started - routes register started [] []
[2022-03-22T18:01:03.440537+00:00] lbs.log.DEBUG: eloquent started - routes register started [] []
[2022-03-22T18:01:04.049931+00:00] lbs.log.DEBUG: eloquent started - routes register started [] []
[2022-03-22T18:01:34.652304+00:00] lbs.log.DEBUG: eloquent started - routes register started [] []
[2022-03-22T18:02:22.581708+00:00] lbs.log.DEBUG: eloquent started - routes register started [] []
[2022-03-23T07:25:18.229114+00:00] lbs.log.DEBUG: eloquent started - routes register started [] []
[2022-03-23T07:27:06.166373+00:00] lbs.log.DEBUG: eloquent started - routes register started [] []
[2022-03-23T07:27:55.799142+00:00] lbs.log.DEBUG: eloquent started - routes register started [] []
[2022-03-23T07:29:35.962296+00:00] lbs.log.DEBUG: eloquent started - routes register started [] []
[2022-03-23T07:30:32.827074+00:00] lbs.log.DEBUG: eloquent started - routes register started [] []
[2022-03-23T07:30:45.344730+00:00] lbs.log.DEBUG: eloquent started - routes register started [] []
[2022-03-23T07:30:53.916718+00:00] lbs.log.DEBUG: eloquent started - routes register started [] []
[2022-03-23T07:30:59.221424+00:00] lbs.log.DEBUG: eloquent started - routes register started [] []
[2022-03-23T07:32:40.823930+00:00] lbs.log.DEBUG: eloquent started - routes register started [] []
[2022-03-23T08:13:53.119042+00:00] lbs.log.DEBUG: eloquent started - routes register started [] []
[2022-03-23T08:14:31.779205+00:00] lbs.log.DEBUG: eloquent started - routes register started [] []
[2022-03-23T08:16:52.473211+00:00] lbs.log.DEBUG: eloquent started - routes register started [] []
[2022-03-23T08:17:42.197622+00:00] lbs.log.DEBUG: eloquent started - routes register started [] []
[2022-03-23T08:18:45.287115+00:00] lbs.log.DEBUG: eloquent started - routes register started [] []
[2022-03-23T08:18:53.537337+00:00] lbs.log.DEBUG: eloquent started - routes register started [] []
[2022-03-23T08:20:50.700268+00:00] lbs.log.DEBUG: eloquent started - routes register started [] []
[2022-03-23T08:22:25.570755+00:00] lbs.log.DEBUG: eloquent started - routes register started [] []
[2022-03-23T08:23:20.383579+00:00] lbs.log.DEBUG: eloquent started - routes register started [] []
[2022-03-23T08:45:32.663814+00:00] lbs.log.DEBUG: eloquent started - routes register started [] []
[2022-03-23T08:47:30.542155+00:00] lbs.log.DEBUG: eloquent started - routes register started [] []
[2022-03-23T08:47:33.789356+00:00] lbs.log.DEBUG: eloquent started - routes register started [] []
[2022-03-23T08:47:34.705727+00:00] lbs.log.DEBUG: eloquent started - routes register started [] []
[2022-03-23T08:48:07.068332+00:00] lbs.log.DEBUG: eloquent started - routes register started [] []
[2022-03-23T08:48:29.111939+00:00] lbs.log.DEBUG: eloquent started - routes register started [] []
[2022-03-23T08:48:30.124890+00:00] lbs.log.DEBUG: eloquent started - routes register started [] []
[2022-03-23T09:35:57.360172+00:00] lbs.log.DEBUG: eloquent started - routes register started [] []
[2022-03-23T09:39:36.934766+00:00] lbs.log.DEBUG: eloquent started - routes register started [] []
[2022-03-23T09:40:47.896412+00:00] lbs.log.DEBUG: eloquent started - routes register started [] []
[2022-03-23T09:40:58.799878+00:00] lbs.log.DEBUG: eloquent started - routes register started [] []
[2022-03-23T09:41:10.170771+00:00] lbs.log.DEBUG: eloquent started - routes register started [] []
[2022-03-23T09:43:14.565439+00:00] lbs.log.DEBUG: eloquent started - routes register started [] []
[2022-03-23T09:43:48.963987+00:00] lbs.log.DEBUG: eloquent started - routes register started [] []
[2022-03-23T09:44:08.305804+00:00] lbs.log.DEBUG: eloquent started - routes register started [] []
[2022-03-23T09:44:13.727720+00:00] lbs.log.DEBUG: eloquent started - routes register started [] []
[2022-03-23T09:44:23.323597+00:00] lbs.log.DEBUG: eloquent started - routes register started [] []
[2022-03-23T09:44:32.097416+00:00] lbs.log.DEBUG: eloquent started - routes register started [] []
[2022-03-23T09:44:43.494050+00:00] lbs.log.DEBUG: eloquent started - routes register started [] []
[2022-03-23T09:44:59.862204+00:00] lbs.log.DEBUG: eloquent started - routes register started [] []
[2022-03-23T09:45:06.995936+00:00] lbs.log.DEBUG: eloquent started - routes register started [] []
[2022-03-23T09:46:13.120112+00:00] lbs.log.DEBUG: eloquent started - routes register started [] []
[2022-03-23T09:46:21.986601+00:00] lbs.log.DEBUG: eloquent started - routes register started [] []
[2022-03-23T09:48:38.655482+00:00] lbs.log.DEBUG: eloquent started - routes register started [] []
[2022-03-23T09:49:17.740101+00:00] lbs.log.DEBUG: eloquent started - routes register started [] []
[2022-03-23T09:49:21.290115+00:00] lbs.log.DEBUG: eloquent started - routes register started [] []
[2022-03-23T09:56:24.776143+00:00] lbs.log.DEBUG: eloquent started - routes register started [] []
[2022-03-23T09:56:33.829407+00:00] lbs.log.DEBUG: eloquent started - routes register started [] []
[2022-03-23T09:56:41.852765+00:00] lbs.log.DEBUG: eloquent started - routes register started [] []
[2022-03-23T10:02:16.945528+00:00] lbs.log.DEBUG: eloquent started - routes register started [] []
[2022-03-23T10:26:40.944116+00:00] lbs.log.DEBUG: eloquent started - routes register started [] []
[2022-03-23T10:27:19.894339+00:00] lbs.log.DEBUG: eloquent started - routes register started [] []
[2022-03-23T10:28:53.189800+00:00] lbs.log.DEBUG: eloquent started - routes register started [] []
[2022-03-23T10:28:53.237133+00:00] lbs.log.DEBUG: eloquent started - routes register started [] []
[2022-03-23T14:31:06.031193+00:00] lbs.log.DEBUG: eloquent started - routes register started [] []
[2022-03-23T14:34:34.235441+00:00] lbs.log.DEBUG: eloquent started - routes register started [] []
[2022-03-23T14:35:45.266130+00:00] lbs.log.DEBUG: eloquent started - routes register started [] []
[2022-03-23T14:38:55.282296+00:00] lbs.log.DEBUG: eloquent started - routes register started [] []
[2022-03-23T14:39:23.632909+00:00] lbs.log.DEBUG: eloquent started - routes register started [] []
[2022-03-23T14:40:49.755604+00:00] lbs.log.DEBUG: eloquent started - routes register started [] []
[2022-03-23T14:41:07.815823+00:00] lbs.log.DEBUG: eloquent started - routes register started [] []
[2022-03-23T14:41:45.057163+00:00] lbs.log.DEBUG: eloquent started - routes register started [] []
[2022-03-23T14:43:44.911848+00:00] lbs.log.DEBUG: eloquent started - routes register started [] []
[2022-03-23T14:44:11.506094+00:00] lbs.log.DEBUG: eloquent started - routes register started [] []
[2022-03-23T14:45:02.917992+00:00] lbs.log.DEBUG: eloquent started - routes register started [] []
[2022-03-23T14:45:17.833106+00:00] lbs.log.DEBUG: eloquent started - routes register started [] []
[2022-03-23T14:45:28.487322+00:00] lbs.log.DEBUG: eloquent started - routes register started [] []
[2022-03-23T14:53:03.395902+00:00] lbs.log.DEBUG: eloquent started - routes register started [] []
[2022-03-23T14:54:05.238211+00:00] lbs.log.DEBUG: eloquent started - routes register started [] []
[2022-03-23T14:55:29.001534+00:00] lbs.log.DEBUG: eloquent started - routes register started [] []
[2022-03-23T15:00:40.578392+00:00] lbs.log.DEBUG: eloquent started - routes register started [] []
[2022-03-23T15:03:48.824969+00:00] lbs.log.DEBUG: eloquent started - routes register started [] []
[2022-03-23T15:03:53.704184+00:00] lbs.log.DEBUG: eloquent started - routes register started [] []
[2022-03-23T15:04:31.963275+00:00] lbs.log.DEBUG: eloquent started - routes register started [] []
[2022-03-23T15:05:27.618471+00:00] lbs.log.DEBUG: eloquent started - routes register started [] []
[2022-03-23T15:06:08.726938+00:00] lbs.log.DEBUG: eloquent started - routes register started [] []
[2022-03-23T15:06:16.216527+00:00] lbs.log.DEBUG: eloquent started - routes register started [] []
[2022-03-23T15:06:24.430112+00:00] lbs.log.DEBUG: eloquent started - routes register started [] []
[2022-03-23T15:07:24.404823+00:00] lbs.log.DEBUG: eloquent started - routes register started [] []
[2022-03-23T15:08:33.758172+00:00] lbs.log.DEBUG: eloquent started - routes register started [] []
[2022-03-23T15:10:33.633736+00:00] lbs.log.DEBUG: eloquent started - routes register started [] []
[2022-03-23T15:12:40.871299+00:00] lbs.log.DEBUG: eloquent started - routes register started [] []
[2022-03-23T15:12:41.746397+00:00] lbs.log.DEBUG: eloquent started - routes register started [] []
[2022-03-23T15:14:30.249008+00:00] lbs.log.DEBUG: eloquent started - routes register started [] []
[2022-03-23T15:14:55.723792+00:00] lbs.log.DEBUG: eloquent started - routes register started [] []
[2022-03-23T15:15:49.000905+00:00] lbs.log.DEBUG: eloquent started - routes register started [] []
[2022-03-23T15:15:50.170452+00:00] lbs.log.DEBUG: eloquent started - routes register started [] []
[2022-03-23T15:15:50.629203+00:00] lbs.log.DEBUG: eloquent started - routes register started [] []
[2022-03-23T15:16:16.653594+00:00] lbs.log.DEBUG: eloquent started - routes register started [] []
[2022-03-23T15:17:10.954778+00:00] lbs.log.DEBUG: eloquent started - routes register started [] []
[2022-03-23T15:17:21.840578+00:00] lbs.log.DEBUG: eloquent started - routes register started [] []
[2022-03-23T15:17:46.925539+00:00] lbs.log.DEBUG: eloquent started - routes register started [] []
[2022-03-23T15:20:42.735432+00:00] lbs.log.DEBUG: eloquent started - routes register started [] []
[2022-03-23T15:20:55.490034+00:00] lbs.log.DEBUG: eloquent started - routes register started [] []
[2022-03-23T15:21:23.335251+00:00] lbs.log.DEBUG: eloquent started - routes register started [] []
[2022-03-23T15:22:05.186161+00:00] lbs.log.DEBUG: eloquent started - routes register started [] []
[2022-03-23T15:23:16.667155+00:00] lbs.log.DEBUG: eloquent started - routes register started [] []
[2022-03-23T15:35:43.587057+00:00] lbs.log.DEBUG: eloquent started - routes register started [] []
[2022-03-23T15:39:23.191344+00:00] lbs.log.DEBUG: eloquent started - routes register started [] []
[2022-03-23T15:40:14.521702+00:00] lbs.log.DEBUG: eloquent started - routes register started [] []
[2022-03-23T15:45:06.830048+00:00] lbs.log.DEBUG: eloquent started - routes register started [] []
[2022-03-23T15:46:08.326804+00:00] lbs.log.DEBUG: eloquent started - routes register started [] []
[2022-03-23T15:46:55.060014+00:00] lbs.log.DEBUG: eloquent started - routes register started [] []
[2022-03-23T15:47:04.000987+00:00] lbs.log.DEBUG: eloquent started - routes register started [] []
[2022-03-23T15:47:58.123644+00:00] lbs.log.DEBUG: eloquent started - routes register started [] []
[2022-03-23T15:58:11.362020+00:00] lbs.log.DEBUG: eloquent started - routes register started [] []
[2022-03-23T16:02:42.462017+00:00] lbs.log.DEBUG: eloquent started - routes register started [] []
[2022-03-23T16:02:44.513773+00:00] lbs.log.DEBUG: eloquent started - routes register started [] []
[2022-03-23T16:03:35.709997+00:00] lbs.log.DEBUG: eloquent started - routes register started [] []
[2022-03-23T16:04:36.625154+00:00] lbs.log.DEBUG: eloquent started - routes register started [] []
[2022-03-23T16:05:50.750985+00:00] lbs.log.DEBUG: eloquent started - routes register started [] []
[2022-03-23T16:05:53.986163+00:00] lbs.log.DEBUG: eloquent started - routes register started [] []
[2022-03-23T16:06:06.081615+00:00] lbs.log.DEBUG: eloquent started - routes register started [] []
[2022-03-23T16:29:46.252971+00:00] lbs.log.DEBUG: eloquent started - routes register started [] []
[2022-03-23T16:31:19.020643+00:00] lbs.log.DEBUG: eloquent started - routes register started [] []
[2022-03-23T16:32:10.577100+00:00] lbs.log.DEBUG: eloquent started - routes register started [] []
[2022-03-23T16:32:35.318842+00:00] lbs.log.DEBUG: eloquent started - routes register started [] []
[2022-03-23T16:32:50.040068+00:00] lbs.log.DEBUG: eloquent started - routes register started [] []
[2022-03-23T16:33:27.276788+00:00] lbs.log.DEBUG: eloquent started - routes register started [] []
[2022-03-23T16:34:18.975582+00:00] lbs.log.DEBUG: eloquent started - routes register started [] []
[2022-03-23T16:35:41.988948+00:00] lbs.log.DEBUG: eloquent started - routes register started [] []
[2022-03-23T16:36:00.791696+00:00] lbs.log.DEBUG: eloquent started - routes register started [] []
[2022-03-24T09:35:00.683779+00:00] lbs.log.DEBUG: eloquent started - routes register started [] []
[2022-03-24T09:36:15.150599+00:00] lbs.log.DEBUG: eloquent started - routes register started [] []
[2022-03-24T09:36:29.122757+00:00] lbs.log.DEBUG: eloquent started - routes register started [] []
[2022-03-24T09:37:00.022507+00:00] lbs.log.DEBUG: eloquent started - routes register started [] []
[2022-03-24T09:37:09.822124+00:00] lbs.log.DEBUG: eloquent started - routes register started [] []
[2022-03-24T09:37:37.463883+00:00] lbs.log.DEBUG: eloquent started - routes register started [] []
[2022-03-24T09:39:21.843825+00:00] lbs.log.DEBUG: eloquent started - routes register started [] []
[2022-03-24T09:43:07.076195+00:00] lbs.log.DEBUG: eloquent started - routes register started [] []
[2022-03-24T09:48:36.221118+00:00] lbs.log.DEBUG: eloquent started - routes register started [] []
[2022-03-24T09:49:16.438125+00:00] lbs.log.DEBUG: eloquent started - routes register started [] []
[2022-03-24T09:50:11.747579+00:00] lbs.log.DEBUG: eloquent started - routes register started [] []
[2022-03-24T09:50:23.221225+00:00] lbs.log.DEBUG: eloquent started - routes register started [] []
[2022-03-24T09:50:28.854882+00:00] lbs.log.DEBUG: eloquent started - routes register started [] []
[2022-03-24T09:51:35.695955+00:00] lbs.log.DEBUG: eloquent started - routes register started [] []
[2022-03-24T09:51:50.900784+00:00] lbs.log.DEBUG: eloquent started - routes register started [] []
[2022-03-24T09:51:59.312819+00:00] lbs.log.DEBUG: eloquent started - routes register started [] []
[2022-03-24T09:55:35.248536+00:00] lbs.log.DEBUG: eloquent started - routes register started [] []
[2022-03-23T16:55:04.776399+00:00] lbs.log.DEBUG: eloquent started - routes register started [] []
[2022-03-23T16:55:31.994462+00:00] lbs.log.DEBUG: eloquent started - routes register started [] []
[2022-03-23T16:59:10.823707+00:00] lbs.log.DEBUG: eloquent started - routes register started [] []
[2022-03-23T16:59:39.168519+00:00] lbs.log.DEBUG: eloquent started - routes register started [] []
[2022-03-23T17:00:05.258798+00:00] lbs.log.DEBUG: eloquent started - routes register started [] []
[2022-03-23T17:04:48.464891+00:00] lbs.log.DEBUG: eloquent started - routes register started [] []
[2022-03-23T17:21:20.041971+00:00] lbs.log.DEBUG: eloquent started - routes register started [] []
[2022-03-23T17:21:33.352839+00:00] lbs.log.DEBUG: eloquent started - routes register started [] []
[2022-03-23T17:26:19.381685+00:00] lbs.log.DEBUG: eloquent started - routes register started [] []
[2022-03-23T17:26:49.590377+00:00] lbs.log.DEBUG: eloquent started - routes register started [] []
[2022-03-23T17:35:41.423269+00:00] lbs.log.DEBUG: eloquent started - routes register started [] []
[2022-03-23T17:56:21.622556+00:00] lbs.log.DEBUG: eloquent started - routes register started [] []
[2022-03-23T17:59:10.301233+00:00] lbs.log.DEBUG: eloquent started - routes register started [] []
[2022-03-23T22:15:12.640761+00:00] lbs.log.DEBUG: eloquent started - routes register started [] []
[2022-03-23T22:15:33.934299+00:00] lbs.log.DEBUG: eloquent started - routes register started [] []
[2022-03-23T22:25:07.963902+00:00] lbs.log.DEBUG: eloquent started - routes register started [] []
[2022-03-23T22:25:30.588533+00:00] lbs.log.DEBUG: eloquent started - routes register started [] []
[2022-03-23T22:25:38.777380+00:00] lbs.log.DEBUG: eloquent started - routes register started [] []
[2022-03-23T22:25:44.251590+00:00] lbs.log.DEBUG: eloquent started - routes register started [] []
[2022-03-23T22:26:28.867035+00:00] lbs.log.DEBUG: eloquent started - routes register started [] []
[2022-03-23T22:26:41.856795+00:00] lbs.log.DEBUG: eloquent started - routes register started [] []
[2022-03-23T22:26:46.742737+00:00] lbs.log.DEBUG: eloquent started - routes register started [] []
[2022-03-23T22:27:34.448510+00:00] lbs.log.DEBUG: eloquent started - routes register started [] []
[2022-03-23T22:35:00.551216+00:00] lbs.log.DEBUG: eloquent started - routes register started [] []
[2022-03-23T22:37:01.825664+00:00] lbs.log.DEBUG: eloquent started - routes register started [] []
[2022-03-23T22:37:31.731408+00:00] lbs.log.DEBUG: eloquent started - routes register started [] []
[2022-03-23T22:37:31.841913+00:00] lbs.log.DEBUG: eloquent started - routes register started [] []
[2022-03-23T22:40:03.804719+00:00] lbs.log.DEBUG: eloquent started - routes register started [] []
[2022-03-23T22:41:33.972382+00:00] lbs.log.DEBUG: eloquent started - routes register started [] []
[2022-03-23T22:41:46.259467+00:00] lbs.log.DEBUG: eloquent started - routes register started [] []
[2022-03-23T22:41:46.344057+00:00] lbs.log.DEBUG: eloquent started - routes register started [] []
[2022-03-23T22:49:10.084819+00:00] lbs.log.DEBUG: eloquent started - routes register started [] []
[2022-03-23T22:54:23.327300+00:00] lbs.log.DEBUG: eloquent started - routes register started [] []
[2022-03-23T22:54:54.072197+00:00] lbs.log.DEBUG: eloquent started - routes register started [] []
[2022-03-23T22:55:37.702314+00:00] lbs.log.DEBUG: eloquent started - routes register started [] []
[2022-03-23T22:57:28.696435+00:00] lbs.log.DEBUG: eloquent started - routes register started [] []
[2022-03-23T22:57:51.065585+00:00] lbs.log.DEBUG: eloquent started - routes register started [] []
[2022-03-23T22:58:25.386033+00:00] lbs.log.DEBUG: eloquent started - routes register started [] []
[2022-03-23T22:59:51.067815+00:00] lbs.log.DEBUG: eloquent started - routes register started [] []
[2022-03-23T23:00:10.648117+00:00] lbs.log.DEBUG: eloquent started - routes register started [] []
[2022-03-23T23:00:44.146152+00:00] lbs.log.DEBUG: eloquent started - routes register started [] []
[2022-03-23T23:00:52.903126+00:00] lbs.log.DEBUG: eloquent started - routes register started [] []
[2022-03-23T23:01:08.402370+00:00] lbs.log.DEBUG: eloquent started - routes register started [] []
[2022-03-23T23:01:46.065316+00:00] lbs.log.DEBUG: eloquent started - routes register started [] []
[2022-03-23T23:02:28.646938+00:00] lbs.log.DEBUG: eloquent started - routes register started [] []
[2022-03-23T23:03:53.102624+00:00] lbs.log.DEBUG: eloquent started - routes register started [] []
[2022-03-23T23:06:22.127754+00:00] lbs.log.DEBUG: eloquent started - routes register started [] []
[2022-03-24T08:02:51.952891+00:00] lbs.log.DEBUG: eloquent started - routes register started [] []
[2022-03-24T10:52:10.964493+00:00] lbs.log.DEBUG: eloquent started - routes register started [] []
[2022-03-24T10:52:58.274799+00:00] lbs.log.DEBUG: eloquent started - routes register started [] []
[2022-03-24T10:53:00.059107+00:00] lbs.log.DEBUG: eloquent started - routes register started [] []
[2022-03-24T10:54:44.365751+00:00] lbs.log.DEBUG: eloquent started - routes register started [] []
[2022-03-24T10:55:01.607790+00:00] lbs.log.DEBUG: eloquent started - routes register started [] []
[2022-03-24T11:04:18.231595+00:00] lbs.log.DEBUG: eloquent started - routes register started [] []
[2022-03-24T11:17:35.267405+00:00] lbs.log.DEBUG: eloquent started - routes register started [] []
[2022-03-24T13:07:50.697277+00:00] lbs.log.DEBUG: eloquent started - routes register started [] []
[2022-03-24T13:11:03.000922+00:00] lbs.log.DEBUG: eloquent started - routes register started [] []
[2022-03-24T13:12:24.416025+00:00] lbs.log.DEBUG: eloquent started - routes register started [] []
[2022-03-24T13:14:13.052211+00:00] lbs.log.DEBUG: eloquent started - routes register started [] []
[2022-03-24T13:14:26.272571+00:00] lbs.log.DEBUG: eloquent started - routes register started [] []
[2022-03-24T13:14:28.675887+00:00] lbs.log.DEBUG: eloquent started - routes register started [] []
[2022-03-24T13:14:41.245814+00:00] lbs.log.DEBUG: eloquent started - routes register started [] []
[2022-03-24T13:14:45.186579+00:00] lbs.log.DEBUG: eloquent started - routes register started [] []
[2022-03-24T13:16:55.808536+00:00] lbs.log.DEBUG: eloquent started - routes register started [] []
[2022-03-24T13:17:03.993722+00:00] lbs.log.DEBUG: eloquent started - routes register started [] []
[2022-03-24T10:09:51.196046+00:00] lbs.log.DEBUG: eloquent started - routes register started [] []
[2022-03-24T10:10:09.225819+00:00] lbs.log.DEBUG: eloquent started - routes register started [] []
[2022-03-24T10:12:44.538429+00:00] lbs.log.DEBUG: eloquent started - routes register started [] []
[2022-03-24T10:12:50.576724+00:00] lbs.log.DEBUG: eloquent started - routes register started [] []
[2022-03-24T10:12:56.409762+00:00] lbs.log.DEBUG: eloquent started - routes register started [] []
[2022-03-24T10:13:10.528626+00:00] lbs.log.DEBUG: eloquent started - routes register started [] []
[2022-03-24T10:13:17.536493+00:00] lbs.log.DEBUG: eloquent started - routes register started [] []
[2022-03-24T10:14:23.012220+00:00] lbs.log.DEBUG: eloquent started - routes register started [] []
[2022-03-24T10:15:43.738326+00:00] lbs.log.DEBUG: eloquent started - routes register started [] []
[2022-03-24T10:16:21.511804+00:00] lbs.log.DEBUG: eloquent started - routes register started [] []
[2022-03-24T10:16:30.720062+00:00] lbs.log.DEBUG: eloquent started - routes register started [] []
[2022-03-24T10:26:43.454860+00:00] lbs.log.DEBUG: eloquent started - routes register started [] []
[2022-03-24T10:27:13.747667+00:00] lbs.log.DEBUG: eloquent started - routes register started [] []
[2022-03-24T10:27:48.318851+00:00] lbs.log.DEBUG: eloquent started - routes register started [] []
[2022-03-24T10:28:10.123822+00:00] lbs.log.DEBUG: eloquent started - routes register started [] []
[2022-03-24T10:28:23.418175+00:00] lbs.log.DEBUG: eloquent started - routes register started [] []
[2022-03-24T10:28:33.203838+00:00] lbs.log.DEBUG: eloquent started - routes register started [] []
[2022-03-24T10:28:47.296639+00:00] lbs.log.DEBUG: eloquent started - routes register started [] []
[2022-03-24T10:29:02.240946+00:00] lbs.log.DEBUG: eloquent started - routes register started [] []
[2022-03-24T10:29:15.763930+00:00] lbs.log.DEBUG: eloquent started - routes register started [] []
[2022-03-24T10:29:19.804572+00:00] lbs.log.DEBUG: eloquent started - routes register started [] []
[2022-03-24T10:33:15.739783+00:00] lbs.log.DEBUG: eloquent started - routes register started [] []
[2022-03-24T10:34:20.604501+00:00] lbs.log.DEBUG: eloquent started - routes register started [] []
<<<<<<< HEAD
<<<<<<< HEAD
[2022-03-24T14:18:50.840826+00:00] lbs.log.DEBUG: eloquent started - routes register started [] []
[2022-03-24T14:29:51.231760+00:00] lbs.log.DEBUG: eloquent started - routes register started [] []
[2022-03-24T14:42:27.047463+00:00] lbs.log.DEBUG: eloquent started - routes register started [] []
[2022-03-24T14:49:35.202326+00:00] lbs.log.DEBUG: eloquent started - routes register started [] []
[2022-03-24T14:52:26.627119+00:00] lbs.log.DEBUG: eloquent started - routes register started [] []
[2022-03-24T14:53:13.641827+00:00] lbs.log.DEBUG: eloquent started - routes register started [] []
[2022-03-24T14:54:06.001466+00:00] lbs.log.DEBUG: eloquent started - routes register started [] []
[2022-03-24T14:56:11.197693+00:00] lbs.log.DEBUG: eloquent started - routes register started [] []
[2022-03-24T14:58:19.199999+00:00] lbs.log.DEBUG: eloquent started - routes register started [] []
[2022-03-24T15:03:53.098870+00:00] lbs.log.DEBUG: eloquent started - routes register started [] []
[2022-03-24T15:13:40.976746+00:00] lbs.log.DEBUG: eloquent started - routes register started [] []
[2022-03-24T15:17:32.105943+00:00] lbs.log.DEBUG: eloquent started - routes register started [] []
[2022-03-24T15:19:25.316026+00:00] lbs.log.DEBUG: eloquent started - routes register started [] []
[2022-03-24T15:31:32.729532+00:00] lbs.log.DEBUG: eloquent started - routes register started [] []
[2022-03-24T15:32:26.047559+00:00] lbs.log.DEBUG: eloquent started - routes register started [] []
[2022-03-24T15:39:02.636233+00:00] lbs.log.DEBUG: eloquent started - routes register started [] []
[2022-03-24T15:40:13.536074+00:00] lbs.log.DEBUG: eloquent started - routes register started [] []
[2022-03-24T15:40:30.093639+00:00] lbs.log.DEBUG: eloquent started - routes register started [] []
[2022-03-24T15:58:41.936198+00:00] lbs.log.DEBUG: eloquent started - routes register started [] []
[2022-03-24T16:08:31.502849+00:00] lbs.log.DEBUG: eloquent started - routes register started [] []
[2022-03-24T16:09:06.324113+00:00] lbs.log.DEBUG: eloquent started - routes register started [] []
[2022-03-24T16:11:17.166399+00:00] lbs.log.DEBUG: eloquent started - routes register started [] []
[2022-03-24T16:11:43.701973+00:00] lbs.log.DEBUG: eloquent started - routes register started [] []
[2022-03-24T16:12:22.516641+00:00] lbs.log.DEBUG: eloquent started - routes register started [] []
[2022-03-24T16:12:32.358217+00:00] lbs.log.DEBUG: eloquent started - routes register started [] []
[2022-03-24T16:17:28.906736+00:00] lbs.log.DEBUG: eloquent started - routes register started [] []
[2022-03-24T16:19:49.233617+00:00] lbs.log.DEBUG: eloquent started - routes register started [] []
[2022-03-24T16:20:06.475824+00:00] lbs.log.DEBUG: eloquent started - routes register started [] []
[2022-03-24T16:20:22.965397+00:00] lbs.log.DEBUG: eloquent started - routes register started [] []
[2022-03-24T16:20:57.468935+00:00] lbs.log.DEBUG: eloquent started - routes register started [] []
[2022-03-24T16:21:23.253000+00:00] lbs.log.DEBUG: eloquent started - routes register started [] []
[2022-03-24T16:26:22.331212+00:00] lbs.log.DEBUG: eloquent started - routes register started [] []
[2022-03-24T16:26:50.764284+00:00] lbs.log.DEBUG: eloquent started - routes register started [] []
[2022-03-24T16:27:27.490483+00:00] lbs.log.DEBUG: eloquent started - routes register started [] []
[2022-03-24T16:27:47.438059+00:00] lbs.log.DEBUG: eloquent started - routes register started [] []
[2022-03-24T16:27:47.503662+00:00] lbs.log.DEBUG: eloquent started - routes register started [] []
[2022-03-24T16:28:23.871947+00:00] lbs.log.DEBUG: eloquent started - routes register started [] []
[2022-03-24T16:28:23.916299+00:00] lbs.log.DEBUG: eloquent started - routes register started [] []
[2022-03-24T16:28:32.472996+00:00] lbs.log.DEBUG: eloquent started - routes register started [] []
[2022-03-24T16:28:32.529269+00:00] lbs.log.DEBUG: eloquent started - routes register started [] []
=======
[2022-03-24T11:26:55.604898+00:00] lbs.log.DEBUG: eloquent started - routes register started [] []
[2022-03-24T11:27:03.549517+00:00] lbs.log.DEBUG: eloquent started - routes register started [] []
[2022-03-24T11:27:27.545330+00:00] lbs.log.DEBUG: eloquent started - routes register started [] []
[2022-03-24T11:27:31.955814+00:00] lbs.log.DEBUG: eloquent started - routes register started [] []
[2022-03-24T12:54:42.976104+00:00] lbs.log.DEBUG: eloquent started - routes register started [] []
[2022-03-24T12:55:16.233245+00:00] lbs.log.DEBUG: eloquent started - routes register started [] []
[2022-03-24T13:36:11.770797+00:00] lbs.log.DEBUG: eloquent started - routes register started [] []
[2022-03-24T13:37:17.269064+00:00] lbs.log.DEBUG: eloquent started - routes register started [] []
[2022-03-24T13:42:49.443838+00:00] lbs.log.DEBUG: eloquent started - routes register started [] []
[2022-03-24T13:57:48.531409+00:00] lbs.log.DEBUG: eloquent started - routes register started [] []
[2022-03-24T14:15:34.369250+00:00] lbs.log.DEBUG: eloquent started - routes register started [] []
[2022-03-24T14:28:45.009914+00:00] lbs.log.DEBUG: eloquent started - routes register started [] []
[2022-03-24T14:30:40.412536+00:00] lbs.log.DEBUG: eloquent started - routes register started [] []
[2022-03-24T14:33:18.874018+00:00] lbs.log.DEBUG: eloquent started - routes register started [] []
[2022-03-24T14:33:27.088937+00:00] lbs.log.DEBUG: eloquent started - routes register started [] []
[2022-03-24T14:34:23.682117+00:00] lbs.log.DEBUG: eloquent started - routes register started [] []
[2022-03-24T14:34:28.989082+00:00] lbs.log.DEBUG: eloquent started - routes register started [] []
[2022-03-24T14:43:25.821837+00:00] lbs.log.DEBUG: eloquent started - routes register started [] []
[2022-03-24T14:44:05.087809+00:00] lbs.log.DEBUG: eloquent started - routes register started [] []
[2022-03-24T14:44:37.727050+00:00] lbs.log.DEBUG: eloquent started - routes register started [] []
[2022-03-24T14:48:07.356426+00:00] lbs.log.DEBUG: eloquent started - routes register started [] []
[2022-03-24T14:48:34.983079+00:00] lbs.log.DEBUG: eloquent started - routes register started [] []
[2022-03-24T14:49:06.087288+00:00] lbs.log.DEBUG: eloquent started - routes register started [] []
[2022-03-24T14:49:34.862751+00:00] lbs.log.DEBUG: eloquent started - routes register started [] []
[2022-03-24T14:52:43.875113+00:00] lbs.log.DEBUG: eloquent started - routes register started [] []
[2022-03-24T14:54:51.072112+00:00] lbs.log.DEBUG: eloquent started - routes register started [] []
[2022-03-24T14:57:10.130544+00:00] lbs.log.DEBUG: eloquent started - routes register started [] []
[2022-03-24T14:58:08.177310+00:00] lbs.log.DEBUG: eloquent started - routes register started [] []
[2022-03-24T15:01:05.793465+00:00] lbs.log.DEBUG: eloquent started - routes register started [] []
[2022-03-24T15:01:13.457902+00:00] lbs.log.DEBUG: eloquent started - routes register started [] []
[2022-03-24T15:05:21.361671+00:00] lbs.log.DEBUG: eloquent started - routes register started [] []
<<<<<<< HEAD
[2022-03-24T15:51:16.532857+00:00] lbs.log.DEBUG: eloquent started - routes register started [] []
=======
>>>>>>> 06a507d4cc6b81886f2a31e1c03799bf68decae9
<<<<<<< HEAD
[2022-03-24T17:42:03.332549+00:00] lbs.log.DEBUG: eloquent started - routes register started [] []
=======
>>>>>>> 57641ebd61baade871657e875d50e3154dbee17e
<<<<<<< HEAD
[2022-03-24T16:37:32.465130+00:00] lbs.log.DEBUG: eloquent started - routes register started [] []
[2022-03-24T16:37:46.022555+00:00] lbs.log.DEBUG: eloquent started - routes register started [] []
[2022-03-24T16:37:57.953037+00:00] lbs.log.DEBUG: eloquent started - routes register started [] []
[2022-03-24T21:54:17.703945+00:00] lbs.log.DEBUG: eloquent started - routes register started [] []
[2022-03-24T21:55:16.184494+00:00] lbs.log.DEBUG: eloquent started - routes register started [] []
[2022-03-24T21:57:34.349735+00:00] lbs.log.DEBUG: eloquent started - routes register started [] []
[2022-03-24T21:57:43.728282+00:00] lbs.log.DEBUG: eloquent started - routes register started [] []
[2022-03-24T21:58:40.795435+00:00] lbs.log.DEBUG: eloquent started - routes register started [] []
[2022-03-24T21:58:53.956101+00:00] lbs.log.DEBUG: eloquent started - routes register started [] []
[2022-03-24T22:02:13.541057+00:00] lbs.log.DEBUG: eloquent started - routes register started [] []
[2022-03-24T22:02:15.317151+00:00] lbs.log.DEBUG: eloquent started - routes register started [] []
[2022-03-24T22:02:38.379891+00:00] lbs.log.DEBUG: eloquent started - routes register started [] []
[2022-03-24T22:02:40.462565+00:00] lbs.log.DEBUG: eloquent started - routes register started [] []
[2022-03-24T22:02:57.309898+00:00] lbs.log.DEBUG: eloquent started - routes register started [] []
[2022-03-24T22:02:59.065216+00:00] lbs.log.DEBUG: eloquent started - routes register started [] []
[2022-03-24T22:11:53.222922+00:00] lbs.log.DEBUG: eloquent started - routes register started [] []
[2022-03-24T22:15:17.288174+00:00] lbs.log.DEBUG: eloquent started - routes register started [] []
[2022-03-24T22:16:51.257771+00:00] lbs.log.DEBUG: eloquent started - routes register started [] []
[2022-03-24T22:17:00.207384+00:00] lbs.log.DEBUG: eloquent started - routes register started [] []
[2022-03-24T22:17:44.741300+00:00] lbs.log.DEBUG: eloquent started - routes register started [] []
[2022-03-24T22:21:42.822468+00:00] lbs.log.DEBUG: eloquent started - routes register started [] []
[2022-03-24T22:23:36.325929+00:00] lbs.log.DEBUG: eloquent started - routes register started [] []
[2022-03-24T22:44:01.547311+00:00] lbs.log.DEBUG: eloquent started - routes register started [] []
[2022-03-24T22:44:10.094492+00:00] lbs.log.DEBUG: eloquent started - routes register started [] []
[2022-03-24T22:44:21.079269+00:00] lbs.log.DEBUG: eloquent started - routes register started [] []
[2022-03-24T22:44:37.795940+00:00] lbs.log.DEBUG: eloquent started - routes register started [] []
[2022-03-24T22:45:18.878882+00:00] lbs.log.DEBUG: eloquent started - routes register started [] []
[2022-03-24T22:48:57.046324+00:00] lbs.log.DEBUG: eloquent started - routes register started [] []
[2022-03-24T22:54:08.707246+00:00] lbs.log.DEBUG: eloquent started - routes register started [] []
[2022-03-24T22:54:59.378317+00:00] lbs.log.DEBUG: eloquent started - routes register started [] []
[2022-03-24T22:56:34.051689+00:00] lbs.log.DEBUG: eloquent started - routes register started [] []
[2022-03-24T22:57:01.834785+00:00] lbs.log.DEBUG: eloquent started - routes register started [] []
[2022-03-24T22:57:03.363386+00:00] lbs.log.DEBUG: eloquent started - routes register started [] []
[2022-03-24T22:57:10.081207+00:00] lbs.log.DEBUG: eloquent started - routes register started [] []
[2022-03-24T22:57:18.363304+00:00] lbs.log.DEBUG: eloquent started - routes register started [] []
[2022-03-24T22:57:20.131746+00:00] lbs.log.DEBUG: eloquent started - routes register started [] []
[2022-03-24T22:58:20.352030+00:00] lbs.log.DEBUG: eloquent started - routes register started [] []
[2022-03-24T22:59:27.804678+00:00] lbs.log.DEBUG: eloquent started - routes register started [] []
[2022-03-24T23:02:18.409553+00:00] lbs.log.DEBUG: eloquent started - routes register started [] []
[2022-03-24T23:02:46.076504+00:00] lbs.log.DEBUG: eloquent started - routes register started [] []
[2022-03-24T23:05:06.381202+00:00] lbs.log.DEBUG: eloquent started - routes register started [] []
[2022-03-24T23:10:54.469568+00:00] lbs.log.DEBUG: eloquent started - routes register started [] []
[2022-03-24T23:11:20.007949+00:00] lbs.log.DEBUG: eloquent started - routes register started [] []
[2022-03-24T23:19:16.535616+00:00] lbs.log.DEBUG: eloquent started - routes register started [] []
[2022-03-24T23:20:18.863297+00:00] lbs.log.DEBUG: eloquent started - routes register started [] []
[2022-03-24T23:20:22.984956+00:00] lbs.log.DEBUG: eloquent started - routes register started [] []
[2022-03-24T23:23:50.889158+00:00] lbs.log.DEBUG: eloquent started - routes register started [] []
[2022-03-24T23:24:08.633495+00:00] lbs.log.DEBUG: eloquent started - routes register started [] []
[2022-03-24T23:24:33.857109+00:00] lbs.log.DEBUG: eloquent started - routes register started [] []
[2022-03-24T23:24:50.703944+00:00] lbs.log.DEBUG: eloquent started - routes register started [] []
=======
>>>>>>> 7c145088d7f12f528aca0625263244f6775281c2
>>>>>>> 3f69887c84bb241fab8f0754941f62821a912d48
<<<<<<< HEAD
[2022-03-25T09:49:37.647663+00:00] lbs.log.DEBUG: eloquent started - routes register started [] []
[2022-03-25T09:50:09.221618+00:00] lbs.log.DEBUG: eloquent started - routes register started [] []
[2022-03-25T09:50:43.931362+00:00] lbs.log.DEBUG: eloquent started - routes register started [] []
[2022-03-25T09:50:54.385523+00:00] lbs.log.DEBUG: eloquent started - routes register started [] []
[2022-03-25T09:56:07.104070+00:00] lbs.log.DEBUG: eloquent started - routes register started [] []
[2022-03-25T09:56:25.638479+00:00] lbs.log.DEBUG: eloquent started - routes register started [] []
[2022-03-25T09:56:42.603052+00:00] lbs.log.DEBUG: eloquent started - routes register started [] []
[2022-03-25T10:10:09.502135+00:00] lbs.log.DEBUG: eloquent started - routes register started [] []
[2022-03-25T10:10:43.219044+00:00] lbs.log.DEBUG: eloquent started - routes register started [] []
[2022-03-25T10:11:24.903775+00:00] lbs.log.DEBUG: eloquent started - routes register started [] []
[2022-03-25T10:12:46.510917+00:00] lbs.log.DEBUG: eloquent started - routes register started [] []
[2022-03-25T10:13:00.166771+00:00] lbs.log.DEBUG: eloquent started - routes register started [] []
[2022-03-25T10:13:59.612287+00:00] lbs.log.DEBUG: eloquent started - routes register started [] []
[2022-03-25T10:14:09.578789+00:00] lbs.log.DEBUG: eloquent started - routes register started [] []
[2022-03-25T10:20:16.024955+00:00] lbs.log.DEBUG: eloquent started - routes register started [] []
[2022-03-25T10:21:20.133279+00:00] lbs.log.DEBUG: eloquent started - routes register started [] []
[2022-03-25T10:21:40.038301+00:00] lbs.log.DEBUG: eloquent started - routes register started [] []
[2022-03-25T10:21:58.698252+00:00] lbs.log.DEBUG: eloquent started - routes register started [] []
[2022-03-25T10:22:11.582485+00:00] lbs.log.DEBUG: eloquent started - routes register started [] []
[2022-03-25T10:30:18.697411+00:00] lbs.log.DEBUG: eloquent started - routes register started [] []
[2022-03-25T10:30:43.063044+00:00] lbs.log.DEBUG: eloquent started - routes register started [] []
[2022-03-25T10:31:05.969209+00:00] lbs.log.DEBUG: eloquent started - routes register started [] []
[2022-03-25T10:31:16.288893+00:00] lbs.log.DEBUG: eloquent started - routes register started [] []
[2022-03-25T10:31:28.687499+00:00] lbs.log.DEBUG: eloquent started - routes register started [] []
[2022-03-25T10:31:49.950949+00:00] lbs.log.DEBUG: eloquent started - routes register started [] []
[2022-03-25T10:32:03.923281+00:00] lbs.log.DEBUG: eloquent started - routes register started [] []
[2022-03-25T10:32:12.999207+00:00] lbs.log.DEBUG: eloquent started - routes register started [] []
[2022-03-25T10:32:19.842085+00:00] lbs.log.DEBUG: eloquent started - routes register started [] []
[2022-03-25T10:32:29.248589+00:00] lbs.log.DEBUG: eloquent started - routes register started [] []
[2022-03-25T10:32:51.970081+00:00] lbs.log.DEBUG: eloquent started - routes register started [] []
[2022-03-25T10:32:55.511641+00:00] lbs.log.DEBUG: eloquent started - routes register started [] []
[2022-03-25T10:33:13.195921+00:00] lbs.log.DEBUG: eloquent started - routes register started [] []
[2022-03-25T10:33:23.950539+00:00] lbs.log.DEBUG: eloquent started - routes register started [] []
[2022-03-25T10:36:40.008118+00:00] lbs.log.DEBUG: eloquent started - routes register started [] []
[2022-03-25T10:36:48.596428+00:00] lbs.log.DEBUG: eloquent started - routes register started [] []
[2022-03-25T10:39:28.658575+00:00] lbs.log.DEBUG: eloquent started - routes register started [] []
[2022-03-25T10:40:31.144629+00:00] lbs.log.DEBUG: eloquent started - routes register started [] []
=======
[2022-03-25T09:10:13.551337+00:00] lbs.log.DEBUG: eloquent started - routes register started [] []
[2022-03-25T09:45:44.015003+00:00] lbs.log.DEBUG: eloquent started - routes register started [] []
[2022-03-25T09:45:44.066428+00:00] lbs.log.DEBUG: eloquent started - routes register started [] []
[2022-03-25T09:45:51.182454+00:00] lbs.log.DEBUG: eloquent started - routes register started [] []
[2022-03-25T09:45:51.233290+00:00] lbs.log.DEBUG: eloquent started - routes register started [] []
>>>>>>> e95707170e84a5ca8186012b709856a7e710e4a3
[2022-03-25T11:05:01.342690+00:00] lbs.log.DEBUG: eloquent started - routes register started [] []
[2022-03-25T11:05:14.873676+00:00] lbs.log.DEBUG: eloquent started - routes register started [] []
[2022-03-25T12:33:01.934674+00:00] lbs.log.DEBUG: eloquent started - routes register started [] []
[2022-03-25T12:33:10.440865+00:00] lbs.log.DEBUG: eloquent started - routes register started [] []
[2022-03-25T12:33:12.162012+00:00] lbs.log.DEBUG: eloquent started - routes register started [] []
[2022-03-25T12:33:28.064816+00:00] lbs.log.DEBUG: eloquent started - routes register started [] []
[2022-03-25T12:35:25.738230+00:00] lbs.log.DEBUG: eloquent started - routes register started [] []
[2022-03-25T12:35:27.518238+00:00] lbs.log.DEBUG: eloquent started - routes register started [] []
[2022-03-25T12:36:33.180113+00:00] lbs.log.DEBUG: eloquent started - routes register started [] []
[2022-03-25T12:36:34.900191+00:00] lbs.log.DEBUG: eloquent started - routes register started [] []
=======
>>>>>>> 1a47b8af04ff4950d2f70f7be11402c1f038f31f
[2022-03-25T12:44:49.266025+00:00] lbs.log.DEBUG: eloquent started - routes register started [] []
[2022-03-25T12:45:01.934622+00:00] lbs.log.DEBUG: eloquent started - routes register started [] []
[2022-03-25T12:45:25.081650+00:00] lbs.log.DEBUG: eloquent started - routes register started [] []
[2022-03-25T12:45:40.352541+00:00] lbs.log.DEBUG: eloquent started - routes register started [] []
[2022-03-25T12:46:04.576901+00:00] lbs.log.DEBUG: eloquent started - routes register started [] []
[2022-03-25T12:47:21.497417+00:00] lbs.log.DEBUG: eloquent started - routes register started [] []
[2022-03-25T12:48:24.535225+00:00] lbs.log.DEBUG: eloquent started - routes register started [] []
[2022-03-25T12:49:23.683156+00:00] lbs.log.DEBUG: eloquent started - routes register started [] []
[2022-03-25T12:51:19.809074+00:00] lbs.log.DEBUG: eloquent started - routes register started [] []
[2022-03-25T12:52:07.351660+00:00] lbs.log.DEBUG: eloquent started - routes register started [] []
[2022-03-25T12:58:08.095670+00:00] lbs.log.DEBUG: eloquent started - routes register started [] []
[2022-03-25T12:58:30.617158+00:00] lbs.log.DEBUG: eloquent started - routes register started [] []
[2022-03-25T12:58:39.052408+00:00] lbs.log.DEBUG: eloquent started - routes register started [] []
[2022-03-25T12:58:51.898182+00:00] lbs.log.DEBUG: eloquent started - routes register started [] []
[2022-03-25T13:00:04.539305+00:00] lbs.log.DEBUG: eloquent started - routes register started [] []
[2022-03-25T13:07:10.091174+00:00] lbs.log.DEBUG: eloquent started - routes register started [] []
<<<<<<< HEAD
[2022-03-26T20:56:30.094928+00:00] lbs.log.DEBUG: eloquent started - routes register started [] []
[2022-03-26T20:56:42.293323+00:00] lbs.log.DEBUG: eloquent started - routes register started [] []
[2022-03-26T20:57:26.021563+00:00] lbs.log.DEBUG: eloquent started - routes register started [] []
[2022-03-26T20:58:16.415708+00:00] lbs.log.DEBUG: eloquent started - routes register started [] []
[2022-03-26T20:59:02.284312+00:00] lbs.log.DEBUG: eloquent started - routes register started [] []
[2022-03-26T20:59:16.654036+00:00] lbs.log.DEBUG: eloquent started - routes register started [] []
[2022-03-28T08:29:28.803977+00:00] lbs.log.DEBUG: eloquent started - routes register started [] []
[2022-03-28T08:29:37.664311+00:00] lbs.log.DEBUG: eloquent started - routes register started [] []
[2022-03-28T08:40:44.314935+00:00] lbs.log.DEBUG: eloquent started - routes register started [] []
[2022-03-28T08:40:58.864771+00:00] lbs.log.DEBUG: eloquent started - routes register started [] []
[2022-03-28T08:41:13.373598+00:00] lbs.log.DEBUG: eloquent started - routes register started [] []
[2022-03-28T08:43:36.415269+00:00] lbs.log.DEBUG: eloquent started - routes register started [] []
[2022-03-28T08:49:38.169640+00:00] lbs.log.DEBUG: eloquent started - routes register started [] []
[2022-03-28T08:49:53.662616+00:00] lbs.log.DEBUG: eloquent started - routes register started [] []
[2022-03-28T08:50:07.439989+00:00] lbs.log.DEBUG: eloquent started - routes register started [] []
[2022-03-28T08:52:49.465104+00:00] lbs.log.DEBUG: eloquent started - routes register started [] []
[2022-03-28T08:53:10.092865+00:00] lbs.log.DEBUG: eloquent started - routes register started [] []
[2022-03-28T08:53:25.808110+00:00] lbs.log.DEBUG: eloquent started - routes register started [] []
[2022-03-28T08:53:38.934017+00:00] lbs.log.DEBUG: eloquent started - routes register started [] []
[2022-03-28T09:01:19.894011+00:00] lbs.log.DEBUG: eloquent started - routes register started [] []
[2022-03-28T09:02:57.743789+00:00] lbs.log.DEBUG: eloquent started - routes register started [] []
[2022-03-28T09:03:29.471609+00:00] lbs.log.DEBUG: eloquent started - routes register started [] []
[2022-03-28T09:06:44.745613+00:00] lbs.log.DEBUG: eloquent started - routes register started [] []
=======
[2022-03-28T07:03:18.933702+00:00] lbs.log.DEBUG: eloquent started - routes register started [] []
[2022-03-28T07:04:04.463973+00:00] lbs.log.DEBUG: eloquent started - routes register started [] []
[2022-03-28T07:09:51.550994+00:00] lbs.log.DEBUG: eloquent started - routes register started [] []
[2022-03-28T07:13:39.174106+00:00] lbs.log.DEBUG: eloquent started - routes register started [] []
[2022-03-28T07:13:49.577775+00:00] lbs.log.DEBUG: eloquent started - routes register started [] []
[2022-03-28T07:13:53.171220+00:00] lbs.log.DEBUG: eloquent started - routes register started [] []
[2022-03-28T07:16:30.910874+00:00] lbs.log.DEBUG: eloquent started - routes register started [] []
[2022-03-28T07:17:32.586170+00:00] lbs.log.DEBUG: eloquent started - routes register started [] []
[2022-03-28T07:17:42.261094+00:00] lbs.log.DEBUG: eloquent started - routes register started [] []
[2022-03-28T07:17:51.409451+00:00] lbs.log.DEBUG: eloquent started - routes register started [] []
[2022-03-28T07:18:58.009994+00:00] lbs.log.DEBUG: eloquent started - routes register started [] []
[2022-03-28T07:18:59.075886+00:00] lbs.log.DEBUG: eloquent started - routes register started [] []
[2022-03-28T07:19:09.179043+00:00] lbs.log.DEBUG: eloquent started - routes register started [] []
[2022-03-28T07:47:30.516301+00:00] lbs.log.DEBUG: eloquent started - routes register started [] []
[2022-03-28T07:47:36.311470+00:00] lbs.log.DEBUG: eloquent started - routes register started [] []
[2022-03-28T07:48:12.446649+00:00] lbs.log.DEBUG: eloquent started - routes register started [] []
[2022-03-28T07:49:40.541859+00:00] lbs.log.DEBUG: eloquent started - routes register started [] []
[2022-03-28T07:53:04.961018+00:00] lbs.log.DEBUG: eloquent started - routes register started [] []
[2022-03-28T07:53:15.864813+00:00] lbs.log.DEBUG: eloquent started - routes register started [] []
[2022-03-28T07:53:23.493441+00:00] lbs.log.DEBUG: eloquent started - routes register started [] []
[2022-03-28T07:53:28.713993+00:00] lbs.log.DEBUG: eloquent started - routes register started [] []
[2022-03-28T07:55:00.677503+00:00] lbs.log.DEBUG: eloquent started - routes register started [] []
[2022-03-28T07:57:06.409363+00:00] lbs.log.DEBUG: eloquent started - routes register started [] []
[2022-03-28T07:57:52.661509+00:00] lbs.log.DEBUG: eloquent started - routes register started [] []
[2022-03-28T07:59:17.288944+00:00] lbs.log.DEBUG: eloquent started - routes register started [] []
[2022-03-28T08:00:05.195266+00:00] lbs.log.DEBUG: eloquent started - routes register started [] []
[2022-03-28T08:00:09.504174+00:00] lbs.log.DEBUG: eloquent started - routes register started [] []
[2022-03-28T08:00:22.720741+00:00] lbs.log.DEBUG: eloquent started - routes register started [] []
[2022-03-28T08:00:23.466931+00:00] lbs.log.DEBUG: eloquent started - routes register started [] []
[2022-03-28T08:00:26.258997+00:00] lbs.log.DEBUG: eloquent started - routes register started [] []
[2022-03-28T08:00:39.022008+00:00] lbs.log.DEBUG: eloquent started - routes register started [] []
[2022-03-28T08:01:32.230163+00:00] lbs.log.DEBUG: eloquent started - routes register started [] []
[2022-03-28T08:06:26.070052+00:00] lbs.log.DEBUG: eloquent started - routes register started [] []
[2022-03-28T08:07:26.927928+00:00] lbs.log.DEBUG: eloquent started - routes register started [] []
[2022-03-28T08:07:49.784716+00:00] lbs.log.DEBUG: eloquent started - routes register started [] []
[2022-03-28T08:10:56.834082+00:00] lbs.log.DEBUG: eloquent started - routes register started [] []
[2022-03-28T08:11:02.127687+00:00] lbs.log.DEBUG: eloquent started - routes register started [] []
[2022-03-28T08:11:06.092228+00:00] lbs.log.DEBUG: eloquent started - routes register started [] []
[2022-03-28T08:11:35.658463+00:00] lbs.log.DEBUG: eloquent started - routes register started [] []
[2022-03-28T08:11:42.946281+00:00] lbs.log.DEBUG: eloquent started - routes register started [] []
[2022-03-28T08:11:51.258766+00:00] lbs.log.DEBUG: eloquent started - routes register started [] []
[2022-03-28T08:11:55.290687+00:00] lbs.log.DEBUG: eloquent started - routes register started [] []
[2022-03-28T08:12:01.268952+00:00] lbs.log.DEBUG: eloquent started - routes register started [] []
[2022-03-28T08:12:05.656679+00:00] lbs.log.DEBUG: eloquent started - routes register started [] []
[2022-03-28T08:12:10.782245+00:00] lbs.log.DEBUG: eloquent started - routes register started [] []
[2022-03-28T08:13:03.432009+00:00] lbs.log.DEBUG: eloquent started - routes register started [] []
[2022-03-28T08:13:07.588873+00:00] lbs.log.DEBUG: eloquent started - routes register started [] []
[2022-03-28T08:19:10.774623+00:00] lbs.log.DEBUG: eloquent started - routes register started [] []
[2022-03-28T08:20:21.124060+00:00] lbs.log.DEBUG: eloquent started - routes register started [] []
[2022-03-28T08:20:50.715901+00:00] lbs.log.DEBUG: eloquent started - routes register started [] []
[2022-03-28T08:25:36.979862+00:00] lbs.log.DEBUG: eloquent started - routes register started [] []
[2022-03-28T08:25:43.764294+00:00] lbs.log.DEBUG: eloquent started - routes register started [] []
[2022-03-28T08:25:45.887763+00:00] lbs.log.DEBUG: eloquent started - routes register started [] []
[2022-03-28T08:27:17.508471+00:00] lbs.log.DEBUG: eloquent started - routes register started [] []
[2022-03-28T08:27:20.389432+00:00] lbs.log.DEBUG: eloquent started - routes register started [] []
[2022-03-28T08:27:27.081987+00:00] lbs.log.DEBUG: eloquent started - routes register started [] []
[2022-03-28T08:27:36.618059+00:00] lbs.log.DEBUG: eloquent started - routes register started [] []
[2022-03-28T08:27:40.108454+00:00] lbs.log.DEBUG: eloquent started - routes register started [] []
[2022-03-28T08:32:07.374365+00:00] lbs.log.DEBUG: eloquent started - routes register started [] []
[2022-03-28T08:32:11.106947+00:00] lbs.log.DEBUG: eloquent started - routes register started [] []
[2022-03-28T08:33:07.692007+00:00] lbs.log.DEBUG: eloquent started - routes register started [] []
[2022-03-28T08:33:56.593262+00:00] lbs.log.DEBUG: eloquent started - routes register started [] []
[2022-03-28T08:37:54.488298+00:00] lbs.log.DEBUG: eloquent started - routes register started [] []
[2022-03-28T08:38:08.516006+00:00] lbs.log.DEBUG: eloquent started - routes register started [] []
[2022-03-28T08:38:49.038422+00:00] lbs.log.DEBUG: eloquent started - routes register started [] []
[2022-03-28T08:38:55.409585+00:00] lbs.log.DEBUG: eloquent started - routes register started [] []
[2022-03-28T08:38:59.474082+00:00] lbs.log.DEBUG: eloquent started - routes register started [] []
>>>>>>> 0c861fba5451b3becbf35fe44194e0d59db15de2
[2022-03-28T09:36:44.084270+00:00] lbs.log.DEBUG: eloquent started - routes register started [] []
[2022-03-28T09:38:10.209175+00:00] lbs.log.DEBUG: eloquent started - routes register started [] []
[2022-03-28T09:38:26.589117+00:00] lbs.log.DEBUG: eloquent started - routes register started [] []
