[2022-03-22T13:39:39.687674+00:00] lbs.log.ERROR: GET http://events.service.local:62010/test : malformed uri [] []
[2022-03-22T13:40:18.217882+00:00] lbs.log.ERROR: GET http://events.service.local:62010/getAllEvent : malformed uri [] []
[2022-03-22T13:40:25.516621+00:00] lbs.log.ERROR: GET http://events.service.local:62010/getAllEvent : malformed uri [] []
[2022-03-22T13:40:41.741150+00:00] lbs.log.ERROR: error | 500 | internal server error: Class 'reu\events\app\models\Events' not found | /var/www/src/app/controller/Events_Controller.phpline: 31 [] []
[2022-03-22T13:46:16.278840+00:00] lbs.log.ERROR: error | 500 | internal server error: Class 'reu\events\app\controller\Messages' not found | /var/www/src/app/controller/Events_Controller.phpline: 31 [] []
[2022-03-22T15:10:05.894280+00:00] lbs.log.ERROR: error | 500 | internal server error: Class 'reu\events\app\controller\Event' not found | /var/www/src/app/controller/Events_Controller.phpline: 178 [] []
[2022-03-22T15:11:15.125193+00:00] lbs.log.ERROR: error | 500 | internal server error: Class 'reu\events\app\controller\Event' not found | /var/www/src/app/controller/Events_Controller.phpline: 178 [] []
[2022-03-22T15:12:03.933663+00:00] lbs.log.ERROR: error | 500 | internal server error: Class 'reu\events\app\controller\Event' not found | /var/www/src/app/controller/Events_Controller.phpline: 178 [] []
[2022-03-22T15:14:44.480562+00:00] lbs.log.ERROR: error | 500 | internal server error: Class 'reu\events\app\controller\Event' not found | /var/www/src/app/controller/Events_Controller.phpline: 178 [] []
[2022-03-22T15:14:48.467037+00:00] lbs.log.ERROR: error | 500 | internal server error: Class 'reu\events\app\controller\Event' not found | /var/www/src/app/controller/Events_Controller.phpline: 178 [] []
[2022-03-22T15:17:13.443367+00:00] lbs.log.ERROR: error | 500 | internal server error: Class 'reu\events\app\controller\Event' not found | /var/www/src/app/controller/Events_Controller.phpline: 178 [] []
[2022-03-22T15:17:52.859584+00:00] lbs.log.ERROR: error | 500 | internal server error: Class 'reu\events\app\controller\Event' not found | /var/www/src/app/controller/Events_Controller.phpline: 178 [] []
[2022-03-22T15:18:30.568245+00:00] lbs.log.ERROR: error | 500 | internal server error: Class 'reu\events\app\controller\Event' not found | /var/www/src/app/controller/Events_Controller.phpline: 179 [] []
[2022-03-22T15:18:47.655335+00:00] lbs.log.ERROR: error | 500 | internal server error: Class 'reu\events\app\controller\Event' not found | /var/www/src/app/controller/Events_Controller.phpline: 178 [] []
[2022-03-22T15:19:06.039500+00:00] lbs.log.ERROR: bad ressource : http://events.service.local:62010/events/29b684b7-2ed5-47d9-b180-ea1ab947ac07 [] []
[2022-03-22T15:20:40.386073+00:00] lbs.log.ERROR: bad ressource : http://events.service.local:62010/events/29b684b7-2ed5-47d9-b180-ea1ab947ac07 [] []
[2022-03-22T15:45:57.694172+00:00] lbs.log.ERROR: GET http://events.service.local:62010/events//events/af7e8965-2e26-4b53-8e62-4dbc01de5528 : malformed uri [] []
[2022-03-22T15:46:13.455666+00:00] lbs.log.ERROR: GET http://events.service.local:62010/events/events/af7e8965-2e26-4b53-8e62-4dbc01de5528 : malformed uri [] []
[2022-03-22T16:07:23.167845+00:00] lbs.log.ERROR: GET http://events.service.local:62010/events/af7e8965-2e26-4b53-8e62-4dbc01de5528/messages%5B/%5D : malformed uri [] []
[2022-03-22T16:07:24.305290+00:00] lbs.log.ERROR: GET http://events.service.local:62010/events/af7e8965-2e26-4b53-8e62-4dbc01de5528/messages%5B/%5D : malformed uri [] []
[2022-03-22T16:07:38.411446+00:00] lbs.log.ERROR: GET http://events.service.local:62010/events/af7e8965-2e26-4b53-8e62-4dbc01de5528/messages%5B : malformed uri [] []
[2022-03-22T16:07:39.191477+00:00] lbs.log.ERROR: error | 500 | internal server error: Return value of reu\events\app\controller\Messages_Controller::getMessagesByEvent() must implement interface Psr\Http\Message\ResponseInterface, none returned | /var/www/src/app/controller/Messages_Controller.phpline: 181 [] []
[2022-03-22T16:10:53.268639+00:00] lbs.log.ERROR: error | 500 | internal server error: Return value of reu\events\app\controller\Messages_Controller::getMessagesByEvent() must implement interface Psr\Http\Message\ResponseInterface, none returned | /var/www/src/app/controller/Messages_Controller.phpline: 182 [] []
[2022-03-22T17:58:26.539299+00:00] lbs.log.ERROR: error | 500 | internal server error: Class 'reu\events\app\controller\Member' not found | /var/www/src/app/controller/Members_Controller.phpline: 35 [] []
[2022-03-22T18:01:02.801937+00:00] lbs.log.ERROR: error | 500 | internal server error: Class 'reu\events\app\controller\Member' not found | /var/www/src/app/controller/Members_Controller.phpline: 35 [] []
[2022-03-22T18:01:03.447465+00:00] lbs.log.ERROR: error | 500 | internal server error: Class 'reu\events\app\controller\Member' not found | /var/www/src/app/controller/Members_Controller.phpline: 35 [] []
[2022-03-22T18:01:04.055972+00:00] lbs.log.ERROR: error | 500 | internal server error: Class 'reu\events\app\controller\Member' not found | /var/www/src/app/controller/Members_Controller.phpline: 35 [] []
[2022-03-23T08:20:50.732742+00:00] lbs.log.ERROR: error | 500 | internal server error: Call to a member function format() on null | /var/www/src/app/controller/Events_Controller.phpline: 110 [] []
[2022-03-23T09:44:43.503995+00:00] lbs.log.ERROR: error mail event description [] []
[2022-03-23T09:44:59.871622+00:00] lbs.log.ERROR: error mail event description [] []
[2022-03-23T09:45:07.008073+00:00] lbs.log.ERROR: error input event title [] []
[2022-03-23T09:48:38.665084+00:00] lbs.log.ERROR: error input date event [] []
[2022-03-23T09:49:17.749449+00:00] lbs.log.ERROR: error mail event description [] []
